<?xml version="1.0" encoding="UTF-8"?>
<!-- Generated by org.testng.reporters.JUnitReportReporter -->
<testsuite skipped="0" hostname="DESKTOP-A5J83K1" name="YatraFlight.tests.VerifyFlightTest" tests="4" failures="0" timestamp="2021-06-23T23:35:12 IST" time="61.485" errors="0">
  <testcase name="laun" time="15.072" classname="YatraFlight.tests.VerifyFlightTest"/>
  <system-out/>
  <testcase name="Departfrom" time="5.527" classname="YatraFlight.tests.VerifyFlightTest"/>
  <system-out/>
  <testcase name="Selectdate" time="2.803" classname="YatraFlight.tests.VerifyFlightTest"/>
  <system-out/>
  <testcase name="searchbtn" time="38.083" classname="YatraFlight.tests.VerifyFlightTest"/>
  <system-out/>
</testsuite> <!-- YatraFlight.tests.VerifyFlightTest -->
